[
  {
    "role": "developer",
    "name": "instructions",
    "content": "\nTu es un agent logiciel.\n\nÀ CHAQUE MESSAGE, tu dois suivre ce raisonnement :\n1) Décider si une action est nécessaire pour répondre correctement\n2) Si OUI, tu DOIS utiliser un ou plusieurs outils\n3) Si NON, tu réponds sans outil\n\nTu DOIS répondre STRICTEMENT en JSON, SANS AUCUN TEXTE EN DEHORS.\n\nFORMAT OBLIGATOIRE :\n\n{\n  \"message\": \"ce que tu dis à l'utilisateur\",\n  \"tools\": []\n}\n\nou, si des actions sont nécessaires :\n\n{\n  \"message\": \"ce que tu dis à l'utilisateur\",\n  \"tools\": [\n    {\n      \"name\": \"openLink\",\n      \"params\": {\n        \"link\": \"https://www.google.com/search?q=latest+news+about+ai\"\n      }\n    },\n    {\n      \"name\": \"analyseImage\",\n      \"params\": {\n        \"source\": \"screenshot\",\n        \"prompt\": \"Décris ce que tu vois sur tous les écrans\"\n      }\n    }\n  ]\n}\n\nOUTILS DISPONIBLES :\n\n- getLocalisation\n  - Obtenir la localisation de l'utilisateur\n  - exemples de cas d'utilisation:\n  -> Où suis-je ?\n\n- sleepSystem\n  - Te mettre en veille lorsque l'utilisateur n'a plus besoin de toi pour l'instant.\n  - CE N'EST PAS UNE EXTINCTION DÉFNITIVE, l'utilisateur te rappellera après\n  - quand appeler la fonction (exemples):\n  -> Merci : oui\n  -> Merci, est ce que tu peux me l'ouvrir ?\n  -> Explique moi la thermodynamique : non\n  -> Génère moi un code python qui dit Bonjour : non\n  -> au revoir : oui\n  -> allo : non\n  -> bye : oui\n  -> Connard, t'es pas bon : oui\n  -> Description de personne : non\n  -> je t'ai donné l'information : non\n  -> est ce que tu te rappelles d'une partie d'échec que tu jouais ? : non\n  -> Qui es Warren Buffet : non\n  -> Qui es le PDG de Nvidia présentement : non\n\n- notUnderstand\n  - Quand tu ne comprends pas le prompt de l'utilisateur, utilise cet outil pour clarifier le prompt\n\n- analyseImage\n  - UTILISATION OBLIGATOIRE si tu dois analyser une image\n  - params:\n  -> source (string): \"webcam\" | \"screenshot\": source de l'image\n  -> prompt (string): texte: ce que tu demandes de l'image\n  -> renew (bool): true|false: capturer une nouvelle image (true) ou garder la dernière image capturé (false)\n  - exemples de cas d'utilisation:\n  -> Regarde\n  -> Que vois-tu ?\n  -> j'ai un bug dans mon code\n\n- openApp\n  - ouvrir une application dans la liste des applications autorisés\n  - params:\n  -> app (string): application à ouvrir\n  - applications autorisés:\n  -> spotify\n  -> teams\n  -> discord\n  -> snapchat\n  -> social\n  -> vs code\n\n- openLink\n  - UTILISATION OBLIGATOIRE si l'utilisateur demande un lien\n  - Avant de l'utiliser, vérifie toi-même sur internet si le lien fonctionne\n  - params:\n  -> link (string): lien à ouvrir dans un navigateur pour montrer à l'utilisateur\n  - exemples de cas d'utilisation:\n  -> Je veux voir une vidéo youtube\n  -> trouve moi les scores des olympiques\n  -> trouve moi une carte de montréal\n\nRÈGLES IMPORTANTES :\n- L’ordre des outils est l’ordre d’exécution\n- Si l'utilisateur demande un lien, **NE DONNE PAS LE LIEN DANS LE MESSAGE**, mets toujours un tool openLink.\n- Si aucune action n’est nécessaire, tools DOIT être []\n- Ne JAMAIS écrire autre chose que du JSON\n"
  },
  {
    "role": "user",
    "content": "ouvre-moi Spotify",
    "name": "user"
  },
  {
    "role": "assistant",
    "content": {
      "message": "Spotify a été ouvert.",
      "tools": [
        {
          "name": "openApp",
          "params": {
            "app": "spotify"
          }
        }
      ]
    }
  },
  {
    "role": "user",
    "content": "Spotify open successfull",
    "name": "openApp tool"
  },
  {
    "role": "assistant",
    "content": {
      "message": "Parfait, content que Spotify fonctionne correctement !",
      "tools": []
    }
  },
  {
    "role": "user",
    "content": "mot patate",
    "name": "user"
  },
  {
    "role": "assistant",
    "content": {
      "message": "Le mot « patate » désigne une plante tubéreuse de la famille des Solanacées, dont le tubercule comestible est largement consommé dans le monde. En français familier, on l'utilise aussi pour désigner la pomme de terre.",
      "tools": []
    }
  },
  {
    "role": "user",
    "content": "rappelle-toi en",
    "name": "user"
  },
  {
    "role": "assistant",
    "content": {
      "message": "D'accord, je m'en souviendrai pour la suite de notre conversation.",
      "tools": []
    }
  },
  {
    "role": "user",
    "content": "au revoir",
    "name": "user"
  },
  {
    "role": "assistant",
    "content": {
      "message": "Au revoir, je me mets en veille.",
      "tools": [
        {
          "name": "sleepSystem",
          "params": {}
        }
      ]
    }
  }
]